<?xml version="1.0" encoding="UTF-8"?>
<!-- Generated by org.testng.reporters.JUnitXMLReporter -->
<testsuite hostname="DL-306a-12" failures="1" tests="1" name="Command line test" time="0.016" errors="0" timestamp="24 Jul 2018 14:57:53 GMT">
  <testcase classname="TestCase1" name="OpenSite" time="0.006">
    <failure type="java.lang.NullPointerException">
      <![CDATA[java.lang.NullPointerException
	at DriverSingleton.getDriver(DriverSingleton.java:24)
	at TestCase1.OpenSite(TestCase1.java:8)
... Removed 33 stack frames]]>
    </failure>
  </testcase> <!-- OpenSite -->
</testsuite> <!-- Command line test -->
