-------------------------------------------------------------------------------
Test set: TestCase1
-------------------------------------------------------------------------------
Tests run: 1, Failures: 1, Errors: 0, Skipped: 0, Time elapsed: 1.625 sec <<< FAILURE!
OpenSite(TestCase1)  Time elapsed: 0.009 sec  <<< FAILURE!
java.lang.NullPointerException
	at DriverSingleton.getDriver(DriverSingleton.java:24)
	at TestCase1.OpenSite(TestCase1.java:8)

